2021-03-16 17:56:47,998 [Worker-3: Loading available Gradle versions] INFO  o.e.b.c.i.u.g.PublishedGradleVersions - Gradle version information cache is up-to-date. Trying to read.
2021-03-16 18:04:21,864 [Worker-6: Creating maven-archetype-quickstart] INFO  o.e.m.c.i.p.ProjectConfigurationManager - Collecting project info '/pom.xml' /home/bluedog/Program/DatabaseTest/CucumberFramework/pom.xml
2021-03-16 18:04:23,389 [Worker-6: Creating maven-archetype-quickstart] INFO  o.e.m.c.i.l.LifecycleMappingFactory - Using org.eclipse.m2e.jdt.JarLifecycleMapping lifecycle mapping for MavenProject: com.jeremiahvolkmer.github.io:CucumberFramework:0.0.1-SNAPSHOT @ /home/bluedog/Program/DatabaseTest/CucumberFramework/pom.xml.
2021-03-16 18:04:23,935 [Worker-6: Creating maven-archetype-quickstart] INFO  o.e.m.j.i.AbstractJavaProjectConfigurator - Adding source folder /CucumberFramework/src/main/java
2021-03-16 18:04:23,940 [Worker-6: Creating maven-archetype-quickstart] INFO  o.e.m.j.i.AbstractJavaProjectConfigurator - Adding source folder /CucumberFramework/src/test/java
2021-03-16 18:04:25,319 [Worker-6: Creating maven-archetype-quickstart] INFO  o.e.m.c.i.p.ProjectConfigurationManager - Imported and configured 1 project(s) in 3 sec
2021-03-16 18:04:27,563 [Worker-14: Building] INFO  o.e.m.c.i.embedder.EclipseLogger - Using 'UTF-8' encoding to copy filtered resources.
2021-03-16 18:04:27,563 [Worker-14: Building] INFO  o.e.m.c.i.embedder.EclipseLogger - skip non existing resourceDirectory /home/bluedog/Program/DatabaseTest/CucumberFramework/src/main/resources
2021-03-16 18:04:27,570 [Worker-14: Building] INFO  o.e.m.c.i.embedder.EclipseLogger - Using 'UTF-8' encoding to copy filtered resources.
2021-03-16 18:04:27,571 [Worker-14: Building] INFO  o.e.m.c.i.embedder.EclipseLogger - skip non existing resourceDirectory /home/bluedog/Program/DatabaseTest/CucumberFramework/src/test/resources
2021-03-16 18:04:35,174 [Worker-15: Building] INFO  o.e.m.c.i.embedder.EclipseLogger - Using 'UTF-8' encoding to copy filtered resources.
2021-03-16 18:04:35,174 [Worker-15: Building] INFO  o.e.m.c.i.embedder.EclipseLogger - skip non existing resourceDirectory /home/bluedog/Program/DatabaseTest/CucumberFramework/src/main/resources
2021-03-16 18:04:35,181 [Worker-15: Building] INFO  o.e.m.c.i.embedder.EclipseLogger - Using 'UTF-8' encoding to copy filtered resources.
2021-03-16 18:04:35,182 [Worker-15: Building] INFO  o.e.m.c.i.embedder.EclipseLogger - skip non existing resourceDirectory /home/bluedog/Program/DatabaseTest/CucumberFramework/src/test/resources
2021-03-16 18:06:17,314 [Worker-16: Building] INFO  o.e.m.c.i.embedder.EclipseLogger - Using 'UTF-8' encoding to copy filtered resources.
2021-03-16 18:06:17,314 [Worker-16: Building] INFO  o.e.m.c.i.embedder.EclipseLogger - skip non existing resourceDirectory /home/bluedog/Program/DatabaseTest/CucumberFramework/src/main/resources
2021-03-16 18:06:17,316 [Worker-16: Building] INFO  o.e.m.c.i.embedder.EclipseLogger - Using 'UTF-8' encoding to copy filtered resources.
2021-03-16 18:06:17,317 [Worker-16: Building] INFO  o.e.m.c.i.embedder.EclipseLogger - skip non existing resourceDirectory /home/bluedog/Program/DatabaseTest/CucumberFramework/src/test/resources
2021-03-16 18:06:43,616 [Worker-16: Building] INFO  o.e.m.c.i.embedder.EclipseLogger - Using 'UTF-8' encoding to copy filtered resources.
2021-03-16 18:06:43,617 [Worker-16: Building] INFO  o.e.m.c.i.embedder.EclipseLogger - skip non existing resourceDirectory /home/bluedog/Program/DatabaseTest/CucumberFramework/src/main/resources
2021-03-16 18:06:43,619 [Worker-16: Building] INFO  o.e.m.c.i.embedder.EclipseLogger - Using 'UTF-8' encoding to copy filtered resources.
2021-03-16 18:06:43,620 [Worker-16: Building] INFO  o.e.m.c.i.embedder.EclipseLogger - skip non existing resourceDirectory /home/bluedog/Program/DatabaseTest/CucumberFramework/src/test/resources
2021-03-16 18:06:50,634 [Worker-17: Building] INFO  o.e.m.c.i.embedder.EclipseLogger - Using 'UTF-8' encoding to copy filtered resources.
2021-03-16 18:06:50,634 [Worker-17: Building] INFO  o.e.m.c.i.embedder.EclipseLogger - skip non existing resourceDirectory /home/bluedog/Program/DatabaseTest/CucumberFramework/src/main/resources
2021-03-16 18:06:50,637 [Worker-17: Building] INFO  o.e.m.c.i.embedder.EclipseLogger - Using 'UTF-8' encoding to copy filtered resources.
2021-03-16 18:06:50,637 [Worker-17: Building] INFO  o.e.m.c.i.embedder.EclipseLogger - skip non existing resourceDirectory /home/bluedog/Program/DatabaseTest/CucumberFramework/src/test/resources
2021-03-16 18:07:10,557 [Worker-16: Building] INFO  o.e.m.c.i.embedder.EclipseLogger - Using 'UTF-8' encoding to copy filtered resources.
2021-03-16 18:07:10,557 [Worker-16: Building] INFO  o.e.m.c.i.embedder.EclipseLogger - skip non existing resourceDirectory /home/bluedog/Program/DatabaseTest/CucumberFramework/src/main/resources
2021-03-16 18:07:10,560 [Worker-16: Building] INFO  o.e.m.c.i.embedder.EclipseLogger - Using 'UTF-8' encoding to copy filtered resources.
2021-03-16 18:07:10,560 [Worker-16: Building] INFO  o.e.m.c.i.embedder.EclipseLogger - skip non existing resourceDirectory /home/bluedog/Program/DatabaseTest/CucumberFramework/src/test/resources
2021-03-16 18:07:31,443 [Worker-16: Building] INFO  o.e.m.c.i.embedder.EclipseLogger - Using 'UTF-8' encoding to copy filtered resources.
2021-03-16 18:07:31,443 [Worker-16: Building] INFO  o.e.m.c.i.embedder.EclipseLogger - skip non existing resourceDirectory /home/bluedog/Program/DatabaseTest/CucumberFramework/src/main/resources
2021-03-16 18:07:31,446 [Worker-16: Building] INFO  o.e.m.c.i.embedder.EclipseLogger - Using 'UTF-8' encoding to copy filtered resources.
2021-03-16 18:07:31,446 [Worker-16: Building] INFO  o.e.m.c.i.embedder.EclipseLogger - skip non existing resourceDirectory /home/bluedog/Program/DatabaseTest/CucumberFramework/src/test/resources
2021-03-16 18:07:56,008 [Worker-19: Building] INFO  o.e.m.c.i.embedder.EclipseLogger - Using 'UTF-8' encoding to copy filtered resources.
2021-03-16 18:07:56,009 [Worker-19: Building] INFO  o.e.m.c.i.embedder.EclipseLogger - skip non existing resourceDirectory /home/bluedog/Program/DatabaseTest/CucumberFramework/src/main/resources
2021-03-16 18:07:56,016 [Worker-19: Building] INFO  o.e.m.c.i.embedder.EclipseLogger - Using 'UTF-8' encoding to copy filtered resources.
2021-03-16 18:07:56,016 [Worker-19: Building] INFO  o.e.m.c.i.embedder.EclipseLogger - skip non existing resourceDirectory /home/bluedog/Program/DatabaseTest/CucumberFramework/src/test/resources
2021-03-16 18:08:04,627 [Worker-17: Building] INFO  o.e.m.c.i.embedder.EclipseLogger - Using 'UTF-8' encoding to copy filtered resources.
2021-03-16 18:08:04,627 [Worker-17: Building] INFO  o.e.m.c.i.embedder.EclipseLogger - skip non existing resourceDirectory /home/bluedog/Program/DatabaseTest/CucumberFramework/src/main/resources
2021-03-16 18:08:04,629 [Worker-17: Building] INFO  o.e.m.c.i.embedder.EclipseLogger - Using 'UTF-8' encoding to copy filtered resources.
2021-03-16 18:08:04,629 [Worker-17: Building] INFO  o.e.m.c.i.embedder.EclipseLogger - skip non existing resourceDirectory /home/bluedog/Program/DatabaseTest/CucumberFramework/src/test/resources
2021-03-16 18:11:44,952 [Worker-12: Building] INFO  o.e.m.c.i.embedder.EclipseLogger - Using 'UTF-8' encoding to copy filtered resources.
2021-03-16 18:11:44,953 [Worker-12: Building] INFO  o.e.m.c.i.embedder.EclipseLogger - skip non existing resourceDirectory /home/bluedog/Program/DatabaseTest/CucumberFramework/src/main/resources
2021-03-16 18:11:44,955 [Worker-12: Building] INFO  o.e.m.c.i.embedder.EclipseLogger - Using 'UTF-8' encoding to copy filtered resources.
2021-03-16 18:11:44,955 [Worker-12: Building] INFO  o.e.m.c.i.embedder.EclipseLogger - skip non existing resourceDirectory /home/bluedog/Program/DatabaseTest/CucumberFramework/src/test/resources
2021-03-16 18:12:52,867 [Worker-19: Building] INFO  o.e.m.c.i.embedder.EclipseLogger - Using 'UTF-8' encoding to copy filtered resources.
2021-03-16 18:12:52,867 [Worker-19: Building] INFO  o.e.m.c.i.embedder.EclipseLogger - skip non existing resourceDirectory /home/bluedog/Program/DatabaseTest/CucumberFramework/src/main/resources
2021-03-16 18:12:52,869 [Worker-19: Building] INFO  o.e.m.c.i.embedder.EclipseLogger - Using 'UTF-8' encoding to copy filtered resources.
2021-03-16 18:12:52,869 [Worker-19: Building] INFO  o.e.m.c.i.embedder.EclipseLogger - skip non existing resourceDirectory /home/bluedog/Program/DatabaseTest/CucumberFramework/src/test/resources
2021-03-16 18:13:04,908 [Worker-21: Updating Maven Project] INFO  o.e.m.c.i.p.ProjectConfigurationManager - Update started
2021-03-16 18:13:05,424 [Worker-21: Updating Maven Project] INFO  o.e.m.c.i.l.LifecycleMappingFactory - Using org.eclipse.m2e.jdt.JarLifecycleMapping lifecycle mapping for MavenProject: com.jeremiahvolkmer.github.io:CucumberFramework:0.0.1-SNAPSHOT @ /home/bluedog/Program/DatabaseTest/CucumberFramework/pom.xml.
2021-03-16 18:13:05,684 [Worker-21: Updating Maven Project] INFO  o.e.m.j.i.AbstractJavaProjectConfigurator - Adding source folder /CucumberFramework/src/main/java
2021-03-16 18:13:05,685 [Worker-21: Updating Maven Project] INFO  o.e.m.j.i.AbstractJavaProjectConfigurator - Adding source folder /CucumberFramework/src/test/java
2021-03-16 18:13:05,819 [Worker-21: Updating Maven Project] INFO  o.e.m.c.i.p.ProjectConfigurationManager - Update completed: 0 sec
2021-03-16 18:13:06,300 [Worker-12: Building] INFO  o.e.m.c.i.embedder.EclipseLogger - Using 'UTF-8' encoding to copy filtered resources.
2021-03-16 18:13:06,300 [Worker-12: Building] INFO  o.e.m.c.i.embedder.EclipseLogger - skip non existing resourceDirectory /home/bluedog/Program/DatabaseTest/CucumberFramework/src/main/resources
2021-03-16 18:13:06,304 [Worker-12: Building] INFO  o.e.m.c.i.embedder.EclipseLogger - Using 'UTF-8' encoding to copy filtered resources.
2021-03-16 18:13:06,304 [Worker-12: Building] INFO  o.e.m.c.i.embedder.EclipseLogger - skip non existing resourceDirectory /home/bluedog/Program/DatabaseTest/CucumberFramework/src/test/resources
2021-03-16 18:13:59,517 [Worker-21: Building] INFO  o.e.m.c.i.embedder.EclipseLogger - Using 'UTF-8' encoding to copy filtered resources.
2021-03-16 18:13:59,517 [Worker-21: Building] INFO  o.e.m.c.i.embedder.EclipseLogger - skip non existing resourceDirectory /home/bluedog/Program/DatabaseTest/CucumberFramework/src/main/resources
2021-03-16 18:13:59,519 [Worker-21: Building] INFO  o.e.m.c.i.embedder.EclipseLogger - Using 'UTF-8' encoding to copy filtered resources.
2021-03-16 18:13:59,519 [Worker-21: Building] INFO  o.e.m.c.i.embedder.EclipseLogger - skip non existing resourceDirectory /home/bluedog/Program/DatabaseTest/CucumberFramework/src/test/resources
2021-03-16 18:14:07,975 [Worker-12: Launching Executing install in _home_bluedog_Program_DatabaseTest_CucumberFramework] INFO  o.e.m.i.launch.MavenLaunchDelegate - /home/bluedog/Program/DatabaseTest/CucumberFramework
2021-03-16 18:14:07,977 [Worker-12: Launching Executing install in _home_bluedog_Program_DatabaseTest_CucumberFramework] INFO  o.e.m.i.launch.MavenLaunchDelegate -  mvn -B install
2021-03-16 18:14:15,111 [Worker-12: Building] INFO  o.e.m.c.i.embedder.EclipseLogger - Using 'UTF-8' encoding to copy filtered resources.
2021-03-16 18:14:15,111 [Worker-12: Building] INFO  o.e.m.c.i.embedder.EclipseLogger - skip non existing resourceDirectory /home/bluedog/Program/DatabaseTest/CucumberFramework/src/main/resources
2021-03-16 18:14:15,114 [Worker-12: Building] INFO  o.e.m.c.i.embedder.EclipseLogger - Using 'UTF-8' encoding to copy filtered resources.
2021-03-16 18:14:15,114 [Worker-12: Building] INFO  o.e.m.c.i.embedder.EclipseLogger - skip non existing resourceDirectory /home/bluedog/Program/DatabaseTest/CucumberFramework/src/test/resources
2021-03-16 19:31:11,094 [Worker-47: Building] INFO  o.e.m.c.i.l.LifecycleMappingFactory - Using org.eclipse.m2e.jdt.JarLifecycleMapping lifecycle mapping for MavenProject: com.jeremiahvolkmer.github.io:CucumberFramework:0.0.1-SNAPSHOT @ /home/bluedog/Program/DatabaseTest/CucumberFramework/pom.xml.
2021-03-16 19:31:11,602 [Worker-47: Building] INFO  o.e.m.c.i.embedder.EclipseLogger - Using 'UTF-8' encoding to copy filtered resources.
2021-03-16 19:31:11,602 [Worker-47: Building] INFO  o.e.m.c.i.embedder.EclipseLogger - skip non existing resourceDirectory /home/bluedog/Program/DatabaseTest/CucumberFramework/src/main/resources
2021-03-16 19:31:11,606 [Worker-47: Building] INFO  o.e.m.c.i.embedder.EclipseLogger - Using 'UTF-8' encoding to copy filtered resources.
2021-03-16 19:31:11,607 [Worker-47: Building] INFO  o.e.m.c.i.embedder.EclipseLogger - skip non existing resourceDirectory /home/bluedog/Program/DatabaseTest/CucumberFramework/src/test/resources
2021-03-16 19:31:13,336 [Worker-48: Building] INFO  o.e.m.c.i.embedder.EclipseLogger - Using 'UTF-8' encoding to copy filtered resources.
2021-03-16 19:31:13,336 [Worker-48: Building] INFO  o.e.m.c.i.embedder.EclipseLogger - skip non existing resourceDirectory /home/bluedog/Program/DatabaseTest/CucumberFramework/src/main/resources
2021-03-16 19:31:13,339 [Worker-48: Building] INFO  o.e.m.c.i.embedder.EclipseLogger - Using 'UTF-8' encoding to copy filtered resources.
2021-03-16 19:31:13,340 [Worker-48: Building] INFO  o.e.m.c.i.embedder.EclipseLogger - skip non existing resourceDirectory /home/bluedog/Program/DatabaseTest/CucumberFramework/src/test/resources
2021-03-16 19:31:40,453 [Worker-47: Updating Maven Project] INFO  o.e.m.c.i.p.ProjectConfigurationManager - Update started
2021-03-16 19:31:40,872 [Worker-47: Updating Maven Project] INFO  o.e.m.c.i.l.LifecycleMappingFactory - Using org.eclipse.m2e.jdt.JarLifecycleMapping lifecycle mapping for MavenProject: com.jeremiahvolkmer.github.io:CucumberFramework:0.0.1-SNAPSHOT @ /home/bluedog/Program/DatabaseTest/CucumberFramework/pom.xml.
2021-03-16 19:31:41,244 [Worker-47: Updating Maven Project] INFO  o.e.m.j.i.AbstractJavaProjectConfigurator - Adding source folder /CucumberFramework/src/main/java
2021-03-16 19:31:41,245 [Worker-47: Updating Maven Project] INFO  o.e.m.j.i.AbstractJavaProjectConfigurator - Adding source folder /CucumberFramework/src/test/java
2021-03-16 19:31:41,433 [Worker-47: Updating Maven Project] INFO  o.e.m.c.i.p.ProjectConfigurationManager - Update completed: 0 sec
2021-03-16 19:31:42,033 [Worker-47: Building] INFO  o.e.m.c.i.embedder.EclipseLogger - Using 'UTF-8' encoding to copy filtered resources.
2021-03-16 19:31:42,034 [Worker-47: Building] INFO  o.e.m.c.i.embedder.EclipseLogger - skip non existing resourceDirectory /home/bluedog/Program/DatabaseTest/CucumberFramework/src/main/resources
2021-03-16 19:31:42,037 [Worker-47: Building] INFO  o.e.m.c.i.embedder.EclipseLogger - Using 'UTF-8' encoding to copy filtered resources.
2021-03-16 19:31:42,037 [Worker-47: Building] INFO  o.e.m.c.i.embedder.EclipseLogger - skip non existing resourceDirectory /home/bluedog/Program/DatabaseTest/CucumberFramework/src/test/resources
2021-03-16 19:32:12,755 [Worker-46: Building] INFO  o.e.m.c.i.embedder.EclipseLogger - Using 'UTF-8' encoding to copy filtered resources.
2021-03-16 19:32:12,756 [Worker-46: Building] INFO  o.e.m.c.i.embedder.EclipseLogger - skip non existing resourceDirectory /home/bluedog/Program/DatabaseTest/CucumberFramework/src/main/resources
2021-03-16 19:32:12,759 [Worker-46: Building] INFO  o.e.m.c.i.embedder.EclipseLogger - Using 'UTF-8' encoding to copy filtered resources.
2021-03-16 19:32:12,759 [Worker-46: Building] INFO  o.e.m.c.i.embedder.EclipseLogger - skip non existing resourceDirectory /home/bluedog/Program/DatabaseTest/CucumberFramework/src/test/resources
2021-03-16 20:11:57,314 [Worker-49: Building] INFO  o.e.m.c.i.embedder.EclipseLogger - Using 'UTF-8' encoding to copy filtered resources.
2021-03-16 20:11:57,315 [Worker-49: Building] INFO  o.e.m.c.i.embedder.EclipseLogger - skip non existing resourceDirectory /home/bluedog/Program/DatabaseTest/CucumberFramework/src/main/resources
2021-03-16 20:11:57,319 [Worker-49: Building] INFO  o.e.m.c.i.embedder.EclipseLogger - Using 'UTF-8' encoding to copy filtered resources.
2021-03-16 20:11:57,319 [Worker-49: Building] INFO  o.e.m.c.i.embedder.EclipseLogger - skip non existing resourceDirectory /home/bluedog/Program/DatabaseTest/CucumberFramework/src/test/resources
2021-03-16 20:12:35,961 [Worker-40: Building] INFO  o.e.m.c.i.embedder.EclipseLogger - Using 'UTF-8' encoding to copy filtered resources.
2021-03-16 20:12:35,961 [Worker-40: Building] INFO  o.e.m.c.i.embedder.EclipseLogger - skip non existing resourceDirectory /home/bluedog/Program/DatabaseTest/CucumberFramework/src/main/resources
2021-03-16 20:12:35,964 [Worker-40: Building] INFO  o.e.m.c.i.embedder.EclipseLogger - Using 'UTF-8' encoding to copy filtered resources.
2021-03-16 20:12:35,964 [Worker-40: Building] INFO  o.e.m.c.i.embedder.EclipseLogger - skip non existing resourceDirectory /home/bluedog/Program/DatabaseTest/CucumberFramework/src/test/resources
2021-03-16 20:12:53,646 [Worker-49: Building] INFO  o.e.m.c.i.embedder.EclipseLogger - Using 'UTF-8' encoding to copy filtered resources.
2021-03-16 20:12:53,646 [Worker-49: Building] INFO  o.e.m.c.i.embedder.EclipseLogger - skip non existing resourceDirectory /home/bluedog/Program/DatabaseTest/CucumberFramework/src/main/resources
2021-03-16 20:12:53,648 [Worker-49: Building] INFO  o.e.m.c.i.embedder.EclipseLogger - Using 'UTF-8' encoding to copy filtered resources.
2021-03-16 20:12:53,648 [Worker-49: Building] INFO  o.e.m.c.i.embedder.EclipseLogger - skip non existing resourceDirectory /home/bluedog/Program/DatabaseTest/CucumberFramework/src/test/resources
2021-03-16 20:13:46,862 [Worker-40: Building] INFO  o.e.m.c.i.embedder.EclipseLogger - Using 'UTF-8' encoding to copy filtered resources.
2021-03-16 20:13:46,862 [Worker-40: Building] INFO  o.e.m.c.i.embedder.EclipseLogger - skip non existing resourceDirectory /home/bluedog/Program/DatabaseTest/CucumberFramework/src/main/resources
2021-03-16 20:13:46,864 [Worker-40: Building] INFO  o.e.m.c.i.embedder.EclipseLogger - Using 'UTF-8' encoding to copy filtered resources.
2021-03-16 20:13:46,864 [Worker-40: Building] INFO  o.e.m.c.i.embedder.EclipseLogger - skip non existing resourceDirectory /home/bluedog/Program/DatabaseTest/CucumberFramework/src/test/resources
2021-03-16 20:14:21,614 [Worker-51: Building] INFO  o.e.m.c.i.embedder.EclipseLogger - Using 'UTF-8' encoding to copy filtered resources.
2021-03-16 20:14:21,614 [Worker-51: Building] INFO  o.e.m.c.i.embedder.EclipseLogger - skip non existing resourceDirectory /home/bluedog/Program/DatabaseTest/CucumberFramework/src/main/resources
2021-03-16 20:14:21,616 [Worker-51: Building] INFO  o.e.m.c.i.embedder.EclipseLogger - Using 'UTF-8' encoding to copy filtered resources.
2021-03-16 20:14:21,617 [Worker-51: Building] INFO  o.e.m.c.i.embedder.EclipseLogger - skip non existing resourceDirectory /home/bluedog/Program/DatabaseTest/CucumberFramework/src/test/resources
2021-03-16 20:14:27,937 [Worker-51: Building] INFO  o.e.m.c.i.embedder.EclipseLogger - Using 'UTF-8' encoding to copy filtered resources.
2021-03-16 20:14:27,937 [Worker-51: Building] INFO  o.e.m.c.i.embedder.EclipseLogger - skip non existing resourceDirectory /home/bluedog/Program/DatabaseTest/CucumberFramework/src/main/resources
2021-03-16 20:14:27,940 [Worker-51: Building] INFO  o.e.m.c.i.embedder.EclipseLogger - Using 'UTF-8' encoding to copy filtered resources.
2021-03-16 20:14:27,940 [Worker-51: Building] INFO  o.e.m.c.i.embedder.EclipseLogger - skip non existing resourceDirectory /home/bluedog/Program/DatabaseTest/CucumberFramework/src/test/resources
2021-03-16 20:23:31,040 [Worker-53: Building] INFO  o.e.m.c.i.embedder.EclipseLogger - Using 'UTF-8' encoding to copy filtered resources.
2021-03-16 20:23:31,040 [Worker-53: Building] INFO  o.e.m.c.i.embedder.EclipseLogger - skip non existing resourceDirectory /home/bluedog/Program/DatabaseTest/CucumberFramework/src/main/resources
2021-03-16 20:23:31,042 [Worker-53: Building] INFO  o.e.m.c.i.embedder.EclipseLogger - Using 'UTF-8' encoding to copy filtered resources.
2021-03-16 20:23:31,042 [Worker-53: Building] INFO  o.e.m.c.i.embedder.EclipseLogger - skip non existing resourceDirectory /home/bluedog/Program/DatabaseTest/CucumberFramework/src/test/resources
2021-03-16 22:46:39,617 [Worker-53: Building] INFO  o.e.m.c.i.embedder.EclipseLogger - Using 'UTF-8' encoding to copy filtered resources.
2021-03-16 22:46:39,617 [Worker-53: Building] INFO  o.e.m.c.i.embedder.EclipseLogger - skip non existing resourceDirectory /home/bluedog/Program/DatabaseTest/CucumberFramework/src/main/resources
2021-03-16 22:46:39,619 [Worker-53: Building] INFO  o.e.m.c.i.embedder.EclipseLogger - Using 'UTF-8' encoding to copy filtered resources.
2021-03-16 22:46:39,619 [Worker-53: Building] INFO  o.e.m.c.i.embedder.EclipseLogger - skip non existing resourceDirectory /home/bluedog/Program/DatabaseTest/CucumberFramework/src/test/resources
2021-03-17 11:14:31,639 [Worker-2: Loading available Gradle versions] INFO  o.e.b.c.i.u.g.PublishedGradleVersions - Gradle version information cache is up-to-date. Trying to read.
2021-03-17 11:57:15,125 [Worker-16: Building] INFO  o.e.m.c.i.embedder.EclipseLogger - Using 'UTF-8' encoding to copy filtered resources.
2021-03-17 11:57:15,125 [Worker-16: Building] INFO  o.e.m.c.i.embedder.EclipseLogger - skip non existing resourceDirectory /home/bluedog/Program/DatabaseTest/CucumberFramework/src/main/resources
2021-03-17 11:57:15,147 [Worker-16: Building] INFO  o.e.m.c.i.embedder.EclipseLogger - Using 'UTF-8' encoding to copy filtered resources.
2021-03-17 11:57:15,147 [Worker-16: Building] INFO  o.e.m.c.i.embedder.EclipseLogger - skip non existing resourceDirectory /home/bluedog/Program/DatabaseTest/CucumberFramework/src/test/resources
2021-03-17 12:03:51,482 [Worker-12: Building] INFO  o.e.m.c.i.embedder.EclipseLogger - Using 'UTF-8' encoding to copy filtered resources.
2021-03-17 12:03:51,483 [Worker-12: Building] INFO  o.e.m.c.i.embedder.EclipseLogger - skip non existing resourceDirectory /home/bluedog/Program/DatabaseTest/CucumberFramework/src/main/resources
2021-03-17 12:03:51,486 [Worker-12: Building] INFO  o.e.m.c.i.embedder.EclipseLogger - Using 'UTF-8' encoding to copy filtered resources.
2021-03-17 12:03:51,486 [Worker-12: Building] INFO  o.e.m.c.i.embedder.EclipseLogger - skip non existing resourceDirectory /home/bluedog/Program/DatabaseTest/CucumberFramework/src/test/resources
2021-03-17 12:07:27,568 [Worker-14: Building] INFO  o.e.m.c.i.embedder.EclipseLogger - Using 'UTF-8' encoding to copy filtered resources.
2021-03-17 12:07:27,568 [Worker-14: Building] INFO  o.e.m.c.i.embedder.EclipseLogger - skip non existing resourceDirectory /home/bluedog/Program/DatabaseTest/CucumberFramework/src/main/resources
2021-03-17 12:07:27,572 [Worker-14: Building] INFO  o.e.m.c.i.embedder.EclipseLogger - Using 'UTF-8' encoding to copy filtered resources.
2021-03-17 12:07:27,572 [Worker-14: Building] INFO  o.e.m.c.i.embedder.EclipseLogger - skip non existing resourceDirectory /home/bluedog/Program/DatabaseTest/CucumberFramework/src/test/resources
2021-03-17 12:21:08,050 [Worker-24: Building] INFO  o.e.m.c.i.embedder.EclipseLogger - Using 'UTF-8' encoding to copy filtered resources.
2021-03-17 12:21:08,050 [Worker-24: Building] INFO  o.e.m.c.i.embedder.EclipseLogger - skip non existing resourceDirectory /home/bluedog/Program/DatabaseTest/CucumberFramework/src/main/resources
2021-03-17 12:21:08,052 [Worker-24: Building] INFO  o.e.m.c.i.embedder.EclipseLogger - Using 'UTF-8' encoding to copy filtered resources.
2021-03-17 12:21:08,053 [Worker-24: Building] INFO  o.e.m.c.i.embedder.EclipseLogger - skip non existing resourceDirectory /home/bluedog/Program/DatabaseTest/CucumberFramework/src/test/resources
2021-03-17 12:35:39,673 [Worker-27: Building] INFO  o.e.m.c.i.embedder.EclipseLogger - Using 'UTF-8' encoding to copy filtered resources.
2021-03-17 12:35:39,673 [Worker-27: Building] INFO  o.e.m.c.i.embedder.EclipseLogger - skip non existing resourceDirectory /home/bluedog/Program/DatabaseTest/CucumberFramework/src/main/resources
2021-03-17 12:35:39,676 [Worker-27: Building] INFO  o.e.m.c.i.embedder.EclipseLogger - Using 'UTF-8' encoding to copy filtered resources.
2021-03-17 12:35:39,676 [Worker-27: Building] INFO  o.e.m.c.i.embedder.EclipseLogger - skip non existing resourceDirectory /home/bluedog/Program/DatabaseTest/CucumberFramework/src/test/resources
2021-03-17 12:38:31,254 [Worker-29: Building] INFO  o.e.m.c.i.embedder.EclipseLogger - Using 'UTF-8' encoding to copy filtered resources.
2021-03-17 12:38:31,254 [Worker-29: Building] INFO  o.e.m.c.i.embedder.EclipseLogger - skip non existing resourceDirectory /home/bluedog/Program/DatabaseTest/CucumberFramework/src/main/resources
2021-03-17 12:38:31,257 [Worker-29: Building] INFO  o.e.m.c.i.embedder.EclipseLogger - Using 'UTF-8' encoding to copy filtered resources.
2021-03-17 12:38:31,257 [Worker-29: Building] INFO  o.e.m.c.i.embedder.EclipseLogger - skip non existing resourceDirectory /home/bluedog/Program/DatabaseTest/CucumberFramework/src/test/resources
2021-03-17 12:39:45,504 [Worker-28: Building] INFO  o.e.m.c.i.embedder.EclipseLogger - Using 'UTF-8' encoding to copy filtered resources.
2021-03-17 12:39:45,504 [Worker-28: Building] INFO  o.e.m.c.i.embedder.EclipseLogger - skip non existing resourceDirectory /home/bluedog/Program/DatabaseTest/CucumberFramework/src/main/resources
2021-03-17 12:39:45,507 [Worker-28: Building] INFO  o.e.m.c.i.embedder.EclipseLogger - Using 'UTF-8' encoding to copy filtered resources.
2021-03-17 12:39:45,508 [Worker-28: Building] INFO  o.e.m.c.i.embedder.EclipseLogger - skip non existing resourceDirectory /home/bluedog/Program/DatabaseTest/CucumberFramework/src/test/resources
2021-03-17 12:40:09,516 [Worker-28: Building] INFO  o.e.m.c.i.embedder.EclipseLogger - Using 'UTF-8' encoding to copy filtered resources.
2021-03-17 12:40:09,516 [Worker-28: Building] INFO  o.e.m.c.i.embedder.EclipseLogger - skip non existing resourceDirectory /home/bluedog/Program/DatabaseTest/CucumberFramework/src/main/resources
2021-03-17 12:40:09,522 [Worker-28: Building] INFO  o.e.m.c.i.embedder.EclipseLogger - Using 'UTF-8' encoding to copy filtered resources.
2021-03-17 12:40:09,522 [Worker-28: Building] INFO  o.e.m.c.i.embedder.EclipseLogger - skip non existing resourceDirectory /home/bluedog/Program/DatabaseTest/CucumberFramework/src/test/resources
